<?xml version="1.0" encoding="UTF-8"?>
<testsuite name="my.service.test.MyServiceIntegrationTest" tests="1" skipped="0" failures="1" errors="0" timestamp="2023-09-12T03:14:24" hostname="CN-1DZBBK3" time="0.0">
  <properties/>
  <testcase name="classMethod" classname="my.service.test.MyServiceIntegrationTest" time="0.0">
    <failure message="java.lang.NoClassDefFoundError: com/liferay/portal/kernel/test/rule/AbstractTestRule&#10;&#9;at java.lang.ClassLoader.defineClass1(Native Method)&#10;&#9;at java.lang.ClassLoader.defineClass(ClassLoader.java:756)&#10;&#9;at org.eclipse.osgi.internal.loader.ModuleClassLoader.defineClass(ModuleClassLoader.java:276)&#10;&#9;at org.eclipse.osgi.internal.loader.classpath.ClasspathManager.defineClass(ClasspathManager.java:634)&#10;&#9;at org.eclipse.osgi.internal.loader.classpath.ClasspathManager.findClassImpl(ClasspathManager.java:555)&#10;&#9;at org.eclipse.osgi.internal.loader.classpath.ClasspathManager.findLocalClassImpl(ClasspathManager.java:514)&#10;&#9;at org.eclipse.osgi.internal.loader.classpath.ClasspathManager.findLocalClass(ClasspathManager.java:501)&#10;&#9;at org.eclipse.osgi.internal.loader.ModuleClassLoader.findLocalClass(ModuleClassLoader.java:324)&#10;&#9;at org.eclipse.osgi.internal.loader.BundleLoader.findLocalClass(BundleLoader.java:402)&#10;&#9;at org.eclipse.osgi.internal.loader.BundleLoader.findClassInternal(BundleLoader.java:480)&#10;&#9;at org.eclipse.osgi.internal.loader.BundleLoader.findClass(BundleLoader.java:429)&#10;&#9;at org.eclipse.osgi.internal.loader.BundleLoader.findClass(BundleLoader.java:421)&#10;&#9;at org.eclipse.osgi.internal.loader.ModuleClassLoader.loadClass(ModuleClassLoader.java:151)&#10;&#9;at java.lang.ClassLoader.loadClass(ClassLoader.java:351)&#10;&#9;at com.liferay.portal.test.rule.LiferayIntegrationTestRule._getTestRules(LiferayIntegrationTestRule.java:35)&#10;&#9;at com.liferay.portal.test.rule.LiferayIntegrationTestRule.&lt;init&gt;(LiferayIntegrationTestRule.java:25)&#10;&#9;at my.service.test.MyServiceIntegrationTest.&lt;clinit&gt;(MyServiceIntegrationTest.java:30)&#10;&#9;at sun.misc.Unsafe.ensureClassInitialized(Native Method)&#10;&#9;at sun.reflect.UnsafeFieldAccessorFactory.newFieldAccessor(UnsafeFieldAccessorFactory.java:43)&#10;&#9;at sun.reflect.ReflectionFactory.newFieldAccessor(ReflectionFactory.java:156)&#10;&#9;at java.lang.reflect.Field.acquireFieldAccessor(Field.java:1088)&#10;&#9;at java.lang.reflect.Field.getFieldAccessor(Field.java:1069)&#10;&#9;at java.lang.reflect.Field.get(Field.java:393)&#10;&#9;at org.junit.runners.model.FrameworkField.get(FrameworkField.java:73)&#10;&#9;at org.junit.runners.model.TestClass.getAnnotatedFieldValues(TestClass.java:230)&#10;&#9;at com.liferay.arquillian.extension.junit.bridge.server.TestExecutorRunnable._withRules(TestExecutorRunnable.java:456)&#10;&#9;at com.liferay.arquillian.extension.junit.bridge.server.TestExecutorRunnable._classBlock(TestExecutorRunnable.java:258)&#10;&#9;at com.liferay.arquillian.extension.junit.bridge.server.TestExecutorRunnable._execute(TestExecutorRunnable.java:313)&#10;&#9;at com.liferay.arquillian.extension.junit.bridge.server.TestExecutorRunnable.run(TestExecutorRunnable.java:95)&#10;&#9;at java.lang.Thread.run(Thread.java:748)&#10;Caused by: java.lang.ClassNotFoundException: com.liferay.portal.kernel.test.rule.AbstractTestRule cannot be found by com.liferay.portal.test.integration_6.0.34&#10;&#9;at org.eclipse.osgi.internal.loader.BundleLoader.findClassInternal(BundleLoader.java:467)&#10;&#9;at org.eclipse.osgi.internal.loader.BundleLoader.findClass(BundleLoader.java:429)&#10;&#9;at org.eclipse.osgi.internal.loader.BundleLoader.findClass(BundleLoader.java:421)&#10;&#9;at org.eclipse.osgi.internal.loader.ModuleClassLoader.loadClass(ModuleClassLoader.java:151)&#10;&#9;at java.lang.ClassLoader.loadClass(ClassLoader.java:351)&#10;&#9;... 30 more&#10;" type="com.liferay.arquillian.extension.junit.bridge.command.RunNotifierCommand$1">java.lang.NoClassDefFoundError: com/liferay/portal/kernel/test/rule/AbstractTestRule
	at java.lang.ClassLoader.defineClass1(Native Method)
	at java.lang.ClassLoader.defineClass(ClassLoader.java:756)
	at org.eclipse.osgi.internal.loader.ModuleClassLoader.defineClass(ModuleClassLoader.java:276)
	at org.eclipse.osgi.internal.loader.classpath.ClasspathManager.defineClass(ClasspathManager.java:634)
	at org.eclipse.osgi.internal.loader.classpath.ClasspathManager.findClassImpl(ClasspathManager.java:555)
	at org.eclipse.osgi.internal.loader.classpath.ClasspathManager.findLocalClassImpl(ClasspathManager.java:514)
	at org.eclipse.osgi.internal.loader.classpath.ClasspathManager.findLocalClass(ClasspathManager.java:501)
	at org.eclipse.osgi.internal.loader.ModuleClassLoader.findLocalClass(ModuleClassLoader.java:324)
	at org.eclipse.osgi.internal.loader.BundleLoader.findLocalClass(BundleLoader.java:402)
	at org.eclipse.osgi.internal.loader.BundleLoader.findClassInternal(BundleLoader.java:480)
	at org.eclipse.osgi.internal.loader.BundleLoader.findClass(BundleLoader.java:429)
	at org.eclipse.osgi.internal.loader.BundleLoader.findClass(BundleLoader.java:421)
	at org.eclipse.osgi.internal.loader.ModuleClassLoader.loadClass(ModuleClassLoader.java:151)
	at java.lang.ClassLoader.loadClass(ClassLoader.java:351)
	at com.liferay.portal.test.rule.LiferayIntegrationTestRule._getTestRules(LiferayIntegrationTestRule.java:35)
	at com.liferay.portal.test.rule.LiferayIntegrationTestRule.&lt;init&gt;(LiferayIntegrationTestRule.java:25)
	at my.service.test.MyServiceIntegrationTest.&lt;clinit&gt;(MyServiceIntegrationTest.java:30)
	at sun.misc.Unsafe.ensureClassInitialized(Native Method)
	at sun.reflect.UnsafeFieldAccessorFactory.newFieldAccessor(UnsafeFieldAccessorFactory.java:43)
	at sun.reflect.ReflectionFactory.newFieldAccessor(ReflectionFactory.java:156)
	at java.lang.reflect.Field.acquireFieldAccessor(Field.java:1088)
	at java.lang.reflect.Field.getFieldAccessor(Field.java:1069)
	at java.lang.reflect.Field.get(Field.java:393)
	at org.junit.runners.model.FrameworkField.get(FrameworkField.java:73)
	at org.junit.runners.model.TestClass.getAnnotatedFieldValues(TestClass.java:230)
	at com.liferay.arquillian.extension.junit.bridge.server.TestExecutorRunnable._withRules(TestExecutorRunnable.java:456)
	at com.liferay.arquillian.extension.junit.bridge.server.TestExecutorRunnable._classBlock(TestExecutorRunnable.java:258)
	at com.liferay.arquillian.extension.junit.bridge.server.TestExecutorRunnable._execute(TestExecutorRunnable.java:313)
	at com.liferay.arquillian.extension.junit.bridge.server.TestExecutorRunnable.run(TestExecutorRunnable.java:95)
	at java.lang.Thread.run(Thread.java:748)
Caused by: java.lang.ClassNotFoundException: com.liferay.portal.kernel.test.rule.AbstractTestRule cannot be found by com.liferay.portal.test.integration_6.0.34
	at org.eclipse.osgi.internal.loader.BundleLoader.findClassInternal(BundleLoader.java:467)
	at org.eclipse.osgi.internal.loader.BundleLoader.findClass(BundleLoader.java:429)
	at org.eclipse.osgi.internal.loader.BundleLoader.findClass(BundleLoader.java:421)
	at org.eclipse.osgi.internal.loader.ModuleClassLoader.loadClass(ModuleClassLoader.java:151)
	at java.lang.ClassLoader.loadClass(ClassLoader.java:351)
	... 30 more

</failure>
  </testcase>
  <system-out><![CDATA[]]></system-out>
  <system-err><![CDATA[SLF4J: Failed to load class "org.slf4j.impl.StaticLoggerBinder".
SLF4J: Defaulting to no-operation (NOP) logger implementation
SLF4J: See http://www.slf4j.org/codes.html#StaticLoggerBinder for further details.
]]></system-err>
</testsuite>
